<?xml version="1.0" encoding="UTF-8"?>
<!-- Generated by org.testng.reporters.JUnitReportReporter -->
<testsuite hostname="Nantha-Lap-PC" failures="0" tests="2" name="driverfactory.TestScript" time="0.000" errors="0" timestamp="2024-09-24T07:54:08 IST" skipped="2">
  <testcase classname="driverfactory.TestScript" name="startTest" time="0.000">
    <skipped/>
  </testcase> <!-- startTest -->
  <system-out/>
  <testcase classname="driverfactory.TestScript" name="startTest" time="0.000">
    <skipped/>
  </testcase> <!-- startTest -->
  <system-out/>
</testsuite> <!-- driverfactory.TestScript -->
